<?xml version="1.0" encoding="UTF-8"?>
<!-- Generated by org.testng.reporters.JUnitReportReporter -->
<testsuite hostname="DELL" failures="0" tests="1" name="practice2.Test3" time="0.017" errors="0" timestamp="2022-10-16T18:54:32 IST" skipped="0">
  <testcase classname="practice2.Test3" name="demo" time="0.017"/>
  <system-out>
    <![CDATA[hello]]>
  </system-out>
</testsuite> <!-- practice2.Test3 -->
