<?xml version="1.0" encoding="UTF-8"?>
<!-- Generated by org.testng.reporters.JUnitReportReporter -->
<testsuite hostname="DELL" failures="0" tests="3" name="dataprovider.Test1" time="47.059" errors="0" timestamp="2022-10-16T20:21:39 IST" skipped="0">
  <testcase classname="dataprovider.Test1" name="demo" time="13.107"/>
  <system-out/>
  <testcase classname="dataprovider.Test1" name="demo" time="15.185"/>
  <system-out/>
  <testcase classname="dataprovider.Test1" name="demo" time="18.767"/>
  <system-out/>
</testsuite> <!-- dataprovider.Test1 -->
