<?xml version="1.0" encoding="UTF-8"?>
<!-- Generated by org.testng.reporters.JUnitReportReporter -->
<testsuite hostname="DELL" failures="0" tests="3" name="testng.Test2" time="0.044" errors="0" timestamp="2022-10-16T18:18:36 IST" skipped="0">
  <testcase classname="testng.Test2" name="settings" time="0.003"/>
  <system-out>
    <![CDATA[settings]]>
  </system-out>
  <testcase classname="testng.Test2" name="calls" time="0.031"/>
  <system-out>
    <![CDATA[calls]]>
  </system-out>
  <testcase classname="testng.Test2" name="chats" time="0.010"/>
  <system-out>
    <![CDATA[chats]]>
  </system-out>
</testsuite> <!-- testng.Test2 -->
