<?xml version="1.0" encoding="UTF-8"?>
<!-- Generated by org.testng.reporters.JUnitReportReporter -->
<testsuite hostname="DELL" failures="0" tests="1" name="testng.Test1" time="0.019" errors="0" timestamp="2022-10-16T18:17:38 IST" skipped="0">
  <testcase classname="testng.Test1" name="demo" time="0.019"/>
  <system-out>
    <![CDATA[hello selenium
hello java]]>
  </system-out>
</testsuite> <!-- testng.Test1 -->
