<?xml version="1.0" encoding="UTF-8"?>
<!-- Generated by org.testng.reporters.JUnitReportReporter -->
<testsuite hostname="DELL" failures="0" tests="6" name="testng.Test5" time="0.036" errors="0" timestamp="2022-10-16T18:21:59 IST" skipped="0">
  <testcase classname="testng.Test5" name="settings" time="0.016"/>
  <system-out>
    <![CDATA[settings]]>
  </system-out>
  <testcase classname="testng.Test5" name="calls" time="0.002"/>
  <system-out>
    <![CDATA[calls]]>
  </system-out>
  <testcase classname="testng.Test5" name="calls" time="0.006"/>
  <system-out>
    <![CDATA[calls]]>
  </system-out>
  <testcase classname="testng.Test5" name="calls" time="0.004"/>
  <system-out>
    <![CDATA[calls]]>
  </system-out>
  <testcase classname="testng.Test5" name="calls" time="0.002"/>
  <system-out>
    <![CDATA[calls]]>
  </system-out>
  <testcase classname="testng.Test5" name="chats" time="0.006"/>
  <system-out>
    <![CDATA[chats]]>
  </system-out>
</testsuite> <!-- testng.Test5 -->
