<?xml version="1.0" encoding="UTF-8"?>
<!-- Generated by org.testng.reporters.JUnitReportReporter -->
<testsuite hostname="DELL" failures="0" tests="1" name="practice2.Test4" time="0.016" errors="0" timestamp="2022-10-16T18:56:03 IST" skipped="0">
  <testcase classname="practice2.Test4" name="demo" time="0.016"/>
  <system-out>
    <![CDATA[ho seleni
hello java]]>
  </system-out>
</testsuite> <!-- practice2.Test4 -->
