<?xml version="1.0" encoding="UTF-8"?>
<!-- Generated by org.testng.reporters.JUnitReportReporter -->
<testsuite hostname="DELL" failures="0" tests="3" name="practice2.Test8" time="36.307" errors="0" timestamp="2022-10-16T20:48:12 IST" skipped="0">
  <testcase classname="practice2.Test8" name="demo" time="12.315"/>
  <system-out/>
  <testcase classname="practice2.Test8" name="demo" time="15.384"/>
  <system-out/>
  <testcase classname="practice2.Test8" name="demo" time="8.608"/>
  <system-out/>
</testsuite> <!-- practice2.Test8 -->
