<?xml version="1.0" encoding="UTF-8"?>
<!-- Generated by org.testng.reporters.JUnitReportReporter -->
<testsuite hostname="DELL" failures="0" tests="6" name="practice2.Test6" time="0.023" errors="0" timestamp="2022-10-16T19:07:23 IST" skipped="1">
  <testcase classname="practice2.Test6" name="jaya" time="0.016"/>
  <system-out>
    <![CDATA[jaya]]>
  </system-out>
  <testcase classname="practice2.Test6" name="jaya" time="0.003"/>
  <system-out>
    <![CDATA[jaya]]>
  </system-out>
  <testcase classname="practice2.Test6" name="monica" time="0.001"/>
  <system-out>
    <![CDATA[monica]]>
  </system-out>
  <testcase classname="practice2.Test6" name="monica" time="0.002"/>
  <system-out>
    <![CDATA[monica]]>
  </system-out>
  <testcase classname="practice2.Test6" name="monica" time="0.001"/>
  <system-out>
    <![CDATA[monica]]>
  </system-out>
  <testcase classname="practice2.Test6" name="jay">
    <skipped/>
  </testcase> <!-- jay -->
  <system-out/>
</testsuite> <!-- practice2.Test6 -->
