<?xml version="1.0" encoding="UTF-8"?>
<!-- Generated by org.testng.reporters.JUnitReportReporter -->
<testsuite hostname="DELL" failures="0" tests="6" name="practice2.Test5" time="0.030" errors="0" timestamp="2022-10-16T19:02:58 IST" skipped="1">
  <testcase classname="practice2.Test5" name="calls" time="0.018"/>
  <system-out>
    <![CDATA[calls]]>
  </system-out>
  <testcase classname="practice2.Test5" name="calls" time="0.005"/>
  <system-out>
    <![CDATA[calls]]>
  </system-out>
  <testcase classname="practice2.Test5" name="chats" time="0.002"/>
  <system-out>
    <![CDATA[chats]]>
  </system-out>
  <testcase classname="practice2.Test5" name="chats" time="0.003"/>
  <system-out>
    <![CDATA[chats]]>
  </system-out>
  <testcase classname="practice2.Test5" name="chats" time="0.002"/>
  <system-out>
    <![CDATA[chats]]>
  </system-out>
  <testcase classname="practice2.Test5" name="setting">
    <skipped/>
  </testcase> <!-- setting -->
  <system-out/>
</testsuite> <!-- practice2.Test5 -->
